This is pdfTeX, Version 3.141592653-2.6-1.40.25 (TeX Live 2023) (preloaded format=pdflatex 2023.9.27)  27 SEP 2023 08:50
entering extended mode
 restricted \write18 enabled.
 %&-line parsing enabled.
**preamble.tex
(./preamble.tex
LaTeX2e <2023-06-01> patch level 1
L3 programming layer <2023-08-29>

! LaTeX Error: \usepackage before \documentclass.

See the LaTeX manual or LaTeX Companion for explanation.
Type  H <return>  for immediate help.
 ...                                              
                                                  
l.1 \usepackage{
                amsmath} %even more math 
Here is how much of TeX's memory you used:
 17 strings out of 476887
 529 string characters out of 5806658
 1917785 words of memory out of 5000000
 21412 multiletter control sequences out of 15000+600000
 558069 words of font info for 36 fonts, out of 8000000 for 9000
 14 hyphenation exceptions out of 8191
 13i,0n,12p,80b,14s stack positions out of 10000i,1000n,20000p,200000b,200000s

!  ==> Fatal error occurred, no output PDF file produced!
